Analysis & Synthesis report for clock
Fri Feb 17 19:44:36 2023
Quartus II 64-Bit Version 13.0.1 Build 232 06/12/2013 Service Pack 1 SJ Web Edition


---------------------
; Table of Contents ;
---------------------
  1. Legal Notice
  2. Analysis & Synthesis Summary
  3. Analysis & Synthesis Settings
  4. Parallel Compilation
  5. Analysis & Synthesis Source Files Read
  6. Analysis & Synthesis Resource Usage Summary
  7. Analysis & Synthesis Resource Utilization by Entity
  8. Analysis & Synthesis RAM Summary
  9. Analysis & Synthesis IP Cores Summary
 10. Registers Removed During Synthesis
 11. General Register Statistics
 12. Multiplexer Restructuring Statistics (Restructuring Performed)
 13. Source assignments for Char_ROM:inst12|LPM_ROM:char_gen_rom|altrom:srom|altsyncram:rom_block|altsyncram_6401:auto_generated
 14. Parameter Settings for User Entity Instance: VGA_SYNC:inst17|video_PLL:video_PLL_inst|altpll:altpll_component
 15. Parameter Settings for User Entity Instance: Char_ROM:inst12|LPM_ROM:char_gen_rom
 16. altpll Parameter Settings by Entity Instance
 17. Elapsed Time Per Partition
 18. Analysis & Synthesis Messages



----------------
; Legal Notice ;
----------------
Copyright (C) 1991-2013 Altera Corporation
Your use of Altera Corporation's design tools, logic functions 
and other software and tools, and its AMPP partner logic 
functions, and any output files from any of the foregoing 
(including device programming or simulation files), and any 
associated documentation or information are expressly subject 
to the terms and conditions of the Altera Program License 
Subscription Agreement, Altera MegaCore Function License 
Agreement, or other applicable license agreement, including, 
without limitation, that your use is for the sole purpose of 
programming logic devices manufactured by Altera and sold by 
Altera or its authorized distributors.  Please refer to the 
applicable agreement for further details.



+--------------------------------------------------------------------------------------+
; Analysis & Synthesis Summary                                                         ;
+------------------------------------+-------------------------------------------------+
; Analysis & Synthesis Status        ; Successful - Fri Feb 17 19:44:36 2023           ;
; Quartus II 64-Bit Version          ; 13.0.1 Build 232 06/12/2013 SP 1 SJ Web Edition ;
; Revision Name                      ; clock                                           ;
; Top-level Entity Name              ; all                                             ;
; Family                             ; Cyclone II                                      ;
; Total logic elements               ; 236                                             ;
;     Total combinational functions  ; 212                                             ;
;     Dedicated logic registers      ; 92                                              ;
; Total registers                    ; 92                                              ;
; Total pins                         ; 10                                              ;
; Total virtual pins                 ; 0                                               ;
; Total memory bits                  ; 2,048                                           ;
; Embedded Multiplier 9-bit elements ; 0                                               ;
; Total PLLs                         ; 1                                               ;
+------------------------------------+-------------------------------------------------+


+----------------------------------------------------------------------------------------------------------------------+
; Analysis & Synthesis Settings                                                                                        ;
+----------------------------------------------------------------------------+--------------------+--------------------+
; Option                                                                     ; Setting            ; Default Value      ;
+----------------------------------------------------------------------------+--------------------+--------------------+
; Device                                                                     ; EP2C35F672C6       ;                    ;
; Top-level entity name                                                      ; all                ; clock              ;
; Family name                                                                ; Cyclone II         ; Cyclone IV GX      ;
; Use smart compilation                                                      ; Off                ; Off                ;
; Enable parallel Assembler and TimeQuest Timing Analyzer during compilation ; On                 ; On                 ;
; Enable compact report table                                                ; Off                ; Off                ;
; Restructure Multiplexers                                                   ; Auto               ; Auto               ;
; Create Debugging Nodes for IP Cores                                        ; Off                ; Off                ;
; Preserve fewer node names                                                  ; On                 ; On                 ;
; Disable OpenCore Plus hardware evaluation                                  ; Off                ; Off                ;
; Verilog Version                                                            ; Verilog_2001       ; Verilog_2001       ;
; VHDL Version                                                               ; VHDL_1993          ; VHDL_1993          ;
; State Machine Processing                                                   ; Auto               ; Auto               ;
; Safe State Machine                                                         ; Off                ; Off                ;
; Extract Verilog State Machines                                             ; On                 ; On                 ;
; Extract VHDL State Machines                                                ; On                 ; On                 ;
; Ignore Verilog initial constructs                                          ; Off                ; Off                ;
; Iteration limit for constant Verilog loops                                 ; 5000               ; 5000               ;
; Iteration limit for non-constant Verilog loops                             ; 250                ; 250                ;
; Add Pass-Through Logic to Inferred RAMs                                    ; On                 ; On                 ;
; Infer RAMs from Raw Logic                                                  ; On                 ; On                 ;
; Parallel Synthesis                                                         ; On                 ; On                 ;
; DSP Block Balancing                                                        ; Auto               ; Auto               ;
; NOT Gate Push-Back                                                         ; On                 ; On                 ;
; Power-Up Don't Care                                                        ; On                 ; On                 ;
; Remove Redundant Logic Cells                                               ; Off                ; Off                ;
; Remove Duplicate Registers                                                 ; On                 ; On                 ;
; Ignore CARRY Buffers                                                       ; Off                ; Off                ;
; Ignore CASCADE Buffers                                                     ; Off                ; Off                ;
; Ignore GLOBAL Buffers                                                      ; Off                ; Off                ;
; Ignore ROW GLOBAL Buffers                                                  ; Off                ; Off                ;
; Ignore LCELL Buffers                                                       ; Off                ; Off                ;
; Ignore SOFT Buffers                                                        ; On                 ; On                 ;
; Limit AHDL Integers to 32 Bits                                             ; Off                ; Off                ;
; Optimization Technique                                                     ; Balanced           ; Balanced           ;
; Carry Chain Length                                                         ; 70                 ; 70                 ;
; Auto Carry Chains                                                          ; On                 ; On                 ;
; Auto Open-Drain Pins                                                       ; On                 ; On                 ;
; Perform WYSIWYG Primitive Resynthesis                                      ; Off                ; Off                ;
; Auto ROM Replacement                                                       ; On                 ; On                 ;
; Auto RAM Replacement                                                       ; On                 ; On                 ;
; Auto Shift Register Replacement                                            ; Auto               ; Auto               ;
; Allow Shift Register Merging across Hierarchies                            ; Auto               ; Auto               ;
; Auto Clock Enable Replacement                                              ; On                 ; On                 ;
; Strict RAM Replacement                                                     ; Off                ; Off                ;
; Allow Synchronous Control Signals                                          ; On                 ; On                 ;
; Force Use of Synchronous Clear Signals                                     ; Off                ; Off                ;
; Auto RAM to Logic Cell Conversion                                          ; Off                ; Off                ;
; Auto Resource Sharing                                                      ; Off                ; Off                ;
; Allow Any RAM Size For Recognition                                         ; Off                ; Off                ;
; Allow Any ROM Size For Recognition                                         ; Off                ; Off                ;
; Allow Any Shift Register Size For Recognition                              ; Off                ; Off                ;
; Use LogicLock Constraints during Resource Balancing                        ; On                 ; On                 ;
; Ignore translate_off and synthesis_off directives                          ; Off                ; Off                ;
; Timing-Driven Synthesis                                                    ; Off                ; Off                ;
; Report Parameter Settings                                                  ; On                 ; On                 ;
; Report Source Assignments                                                  ; On                 ; On                 ;
; Report Connectivity Checks                                                 ; On                 ; On                 ;
; Ignore Maximum Fan-Out Assignments                                         ; Off                ; Off                ;
; Synchronization Register Chain Length                                      ; 2                  ; 2                  ;
; PowerPlay Power Optimization                                               ; Normal compilation ; Normal compilation ;
; HDL message level                                                          ; Level2             ; Level2             ;
; Suppress Register Optimization Related Messages                            ; Off                ; Off                ;
; Number of Removed Registers Reported in Synthesis Report                   ; 5000               ; 5000               ;
; Number of Swept Nodes Reported in Synthesis Report                         ; 5000               ; 5000               ;
; Number of Inverted Registers Reported in Synthesis Report                  ; 100                ; 100                ;
; Clock MUX Protection                                                       ; On                 ; On                 ;
; Auto Gated Clock Conversion                                                ; Off                ; Off                ;
; Block Design Naming                                                        ; Auto               ; Auto               ;
; SDC constraint protection                                                  ; Off                ; Off                ;
; Synthesis Effort                                                           ; Auto               ; Auto               ;
; Shift Register Replacement - Allow Asynchronous Clear Signal               ; On                 ; On                 ;
; Pre-Mapping Resynthesis Optimization                                       ; Off                ; Off                ;
; Analysis & Synthesis Message Level                                         ; Medium             ; Medium             ;
; Disable Register Merging Across Hierarchies                                ; Auto               ; Auto               ;
; Resource Aware Inference For Block RAM                                     ; On                 ; On                 ;
; Synthesis Seed                                                             ; 1                  ; 1                  ;
+----------------------------------------------------------------------------+--------------------+--------------------+


Parallel compilation was disabled, but you have multiple processors available. Enable parallel compilation to reduce compilation time.
+-------------------------------------+
; Parallel Compilation                ;
+----------------------------+--------+
; Processors                 ; Number ;
+----------------------------+--------+
; Number detected on machine ; 4      ;
; Maximum allowed            ; 1      ;
+----------------------------+--------+


+-------------------------------------------------------------------------------------------------------------------------------------------------------------------------------------------------------+
; Analysis & Synthesis Source Files Read                                                                                                                                                                ;
+---------------------------------------------+-----------------+------------------------------------+----------------------------------------------------------------------------------------+---------+
; File Name with User-Entered Path            ; Used in Netlist ; File Type                          ; File Name with Absolute Path                                                           ; Library ;
+---------------------------------------------+-----------------+------------------------------------+----------------------------------------------------------------------------------------+---------+
; video_PLL.vhd                               ; yes             ; User Wizard-Generated File         ; C:/Users/adavi/desktop/projects/VHDl_Clock/video_PLL.vhd                               ;         ;
; vga_sync.vhd                                ; yes             ; User VHDL File                     ; C:/Users/adavi/desktop/projects/VHDl_Clock/vga_sync.vhd                                ;         ;
; VHDl/VGA_Controller.vhd                     ; yes             ; User VHDL File                     ; C:/Users/adavi/desktop/projects/VHDl_Clock/VHDl/VGA_Controller.vhd                     ;         ;
; common_VHDL_files/char graphic/CHAR_ROM.VHD ; yes             ; User VHDL File                     ; C:/Users/adavi/desktop/projects/VHDl_Clock/common_VHDL_files/char graphic/CHAR_ROM.VHD ;         ;
; common_VHDL_files/clk_div.vhd               ; yes             ; User VHDL File                     ; C:/Users/adavi/desktop/projects/VHDl_Clock/common_VHDL_files/clk_div.vhd               ;         ;
; VHDl/myCounter9.vhd                         ; yes             ; User VHDL File                     ; C:/Users/adavi/desktop/projects/VHDl_Clock/VHDl/myCounter9.vhd                         ;         ;
; VHDl/myCounter5.vhd                         ; yes             ; User VHDL File                     ; C:/Users/adavi/desktop/projects/VHDl_Clock/VHDl/myCounter5.vhd                         ;         ;
; VHDl/mycounter640x8.vhd                     ; yes             ; User VHDL File                     ; C:/Users/adavi/desktop/projects/VHDl_Clock/VHDl/mycounter640x8.vhd                     ;         ;
; all.bdf                                     ; yes             ; User Block Diagram/Schematic File  ; C:/Users/adavi/desktop/projects/VHDl_Clock/all.bdf                                     ;         ;
; VHDl/mycounter480x8.vhd                     ; yes             ; User VHDL File                     ; C:/Users/adavi/desktop/projects/VHDl_Clock/VHDl/mycounter480x8.vhd                     ;         ;
; altpll.tdf                                  ; yes             ; Megafunction                       ; c:/altera/13.0sp1/quartus/libraries/megafunctions/altpll.tdf                           ;         ;
; aglobal130.inc                              ; yes             ; Megafunction                       ; c:/altera/13.0sp1/quartus/libraries/megafunctions/aglobal130.inc                       ;         ;
; stratix_pll.inc                             ; yes             ; Megafunction                       ; c:/altera/13.0sp1/quartus/libraries/megafunctions/stratix_pll.inc                      ;         ;
; stratixii_pll.inc                           ; yes             ; Megafunction                       ; c:/altera/13.0sp1/quartus/libraries/megafunctions/stratixii_pll.inc                    ;         ;
; cycloneii_pll.inc                           ; yes             ; Megafunction                       ; c:/altera/13.0sp1/quartus/libraries/megafunctions/cycloneii_pll.inc                    ;         ;
; lpm_rom.tdf                                 ; yes             ; Megafunction                       ; c:/altera/13.0sp1/quartus/libraries/megafunctions/lpm_rom.tdf                          ;         ;
; altrom.inc                                  ; yes             ; Megafunction                       ; c:/altera/13.0sp1/quartus/libraries/megafunctions/altrom.inc                           ;         ;
; altrom.tdf                                  ; yes             ; Megafunction                       ; c:/altera/13.0sp1/quartus/libraries/megafunctions/altrom.tdf                           ;         ;
; memmodes.inc                                ; yes             ; Megafunction                       ; c:/altera/13.0sp1/quartus/libraries/others/maxplus2/memmodes.inc                       ;         ;
; lpm_decode.inc                              ; yes             ; Megafunction                       ; c:/altera/13.0sp1/quartus/libraries/megafunctions/lpm_decode.inc                       ;         ;
; lpm_mux.inc                                 ; yes             ; Megafunction                       ; c:/altera/13.0sp1/quartus/libraries/megafunctions/lpm_mux.inc                          ;         ;
; altsyncram.inc                              ; yes             ; Megafunction                       ; c:/altera/13.0sp1/quartus/libraries/megafunctions/altsyncram.inc                       ;         ;
; altsyncram.tdf                              ; yes             ; Megafunction                       ; c:/altera/13.0sp1/quartus/libraries/megafunctions/altsyncram.tdf                       ;         ;
; stratix_ram_block.inc                       ; yes             ; Megafunction                       ; c:/altera/13.0sp1/quartus/libraries/megafunctions/stratix_ram_block.inc                ;         ;
; a_rdenreg.inc                               ; yes             ; Megafunction                       ; c:/altera/13.0sp1/quartus/libraries/megafunctions/a_rdenreg.inc                        ;         ;
; altram.inc                                  ; yes             ; Megafunction                       ; c:/altera/13.0sp1/quartus/libraries/megafunctions/altram.inc                           ;         ;
; altdpram.inc                                ; yes             ; Megafunction                       ; c:/altera/13.0sp1/quartus/libraries/megafunctions/altdpram.inc                         ;         ;
; db/altsyncram_6401.tdf                      ; yes             ; Auto-Generated Megafunction        ; C:/Users/adavi/desktop/projects/VHDl_Clock/db/altsyncram_6401.tdf                      ;         ;
+---------------------------------------------+-----------------+------------------------------------+----------------------------------------------------------------------------------------+---------+


+----------------------------------------------------------------------------------------------------------------------+
; Analysis & Synthesis Resource Usage Summary                                                                          ;
+---------------------------------------------+------------------------------------------------------------------------+
; Resource                                    ; Usage                                                                  ;
+---------------------------------------------+------------------------------------------------------------------------+
; Estimated Total logic elements              ; 236                                                                    ;
;                                             ;                                                                        ;
; Total combinational functions               ; 212                                                                    ;
; Logic element usage by number of LUT inputs ;                                                                        ;
;     -- 4 input functions                    ; 59                                                                     ;
;     -- 3 input functions                    ; 72                                                                     ;
;     -- <=2 input functions                  ; 81                                                                     ;
;                                             ;                                                                        ;
; Logic elements by mode                      ;                                                                        ;
;     -- normal mode                          ; 118                                                                    ;
;     -- arithmetic mode                      ; 94                                                                     ;
;                                             ;                                                                        ;
; Total registers                             ; 92                                                                     ;
;     -- Dedicated logic registers            ; 92                                                                     ;
;     -- I/O registers                        ; 0                                                                      ;
;                                             ;                                                                        ;
; I/O pins                                    ; 10                                                                     ;
; Total memory bits                           ; 2048                                                                   ;
; Embedded Multiplier 9-bit elements          ; 0                                                                      ;
; Total PLLs                                  ; 1                                                                      ;
;     -- PLLs                                 ; 1                                                                      ;
;                                             ;                                                                        ;
; Maximum fan-out node                        ; VGA_SYNC:inst17|video_PLL:video_PLL_inst|altpll:altpll_component|_clk0 ;
; Maximum fan-out                             ; 49                                                                     ;
; Total fan-out                               ; 869                                                                    ;
; Average fan-out                             ; 2.69                                                                   ;
+---------------------------------------------+------------------------------------------------------------------------+


+----------------------------------------------------------------------------------------------------------------------------------------------------------------------------------------------------------------------------------------------------------------------------------------+
; Analysis & Synthesis Resource Utilization by Entity                                                                                                                                                                                                                                    ;
+-------------------------------------------------+-------------------+--------------+-------------+--------------+---------+-----------+------+--------------+-----------------------------------------------------------------------------------------------------------+--------------+
; Compilation Hierarchy Node                      ; LC Combinationals ; LC Registers ; Memory Bits ; DSP Elements ; DSP 9x9 ; DSP 18x18 ; Pins ; Virtual Pins ; Full Hierarchy Name                                                                                       ; Library Name ;
+-------------------------------------------------+-------------------+--------------+-------------+--------------+---------+-----------+------+--------------+-----------------------------------------------------------------------------------------------------------+--------------+
; |all                                            ; 212 (0)           ; 92 (0)       ; 2048        ; 0            ; 0       ; 0         ; 10   ; 0            ; |all                                                                                                      ; work         ;
;    |Char_ROM:inst12|                            ; 4 (4)             ; 0 (0)        ; 2048        ; 0            ; 0       ; 0         ; 0    ; 0            ; |all|Char_ROM:inst12                                                                                      ; work         ;
;       |lpm_rom:char_gen_rom|                    ; 0 (0)             ; 0 (0)        ; 2048        ; 0            ; 0       ; 0         ; 0    ; 0            ; |all|Char_ROM:inst12|lpm_rom:char_gen_rom                                                                 ; work         ;
;          |altrom:srom|                          ; 0 (0)             ; 0 (0)        ; 2048        ; 0            ; 0       ; 0         ; 0    ; 0            ; |all|Char_ROM:inst12|lpm_rom:char_gen_rom|altrom:srom                                                     ; work         ;
;             |altsyncram:rom_block|              ; 0 (0)             ; 0 (0)        ; 2048        ; 0            ; 0       ; 0         ; 0    ; 0            ; |all|Char_ROM:inst12|lpm_rom:char_gen_rom|altrom:srom|altsyncram:rom_block                                ; work         ;
;                |altsyncram_6401:auto_generated| ; 0 (0)             ; 0 (0)        ; 2048        ; 0            ; 0       ; 0         ; 0    ; 0            ; |all|Char_ROM:inst12|lpm_rom:char_gen_rom|altrom:srom|altsyncram:rom_block|altsyncram_6401:auto_generated ; work         ;
;    |VGA_Controller:inst16|                      ; 94 (94)           ; 0 (0)        ; 0           ; 0            ; 0       ; 0         ; 0    ; 0            ; |all|VGA_Controller:inst16                                                                                ; work         ;
;    |VGA_SYNC:inst17|                            ; 59 (59)           ; 48 (48)      ; 0           ; 0            ; 0       ; 0         ; 0    ; 0            ; |all|VGA_SYNC:inst17                                                                                      ; work         ;
;       |video_PLL:video_PLL_inst|                ; 0 (0)             ; 0 (0)        ; 0           ; 0            ; 0       ; 0         ; 0    ; 0            ; |all|VGA_SYNC:inst17|video_PLL:video_PLL_inst                                                             ; work         ;
;          |altpll:altpll_component|              ; 0 (0)             ; 0 (0)        ; 0           ; 0            ; 0       ; 0         ; 0    ; 0            ; |all|VGA_SYNC:inst17|video_PLL:video_PLL_inst|altpll:altpll_component                                     ; work         ;
;    |clk_div:inst2|                              ; 31 (31)           ; 31 (31)      ; 0           ; 0            ; 0       ; 0         ; 0    ; 0            ; |all|clk_div:inst2                                                                                        ; work         ;
;    |mycounter480x8:inst14|                      ; 8 (8)             ; 6 (6)        ; 0           ; 0            ; 0       ; 0         ; 0    ; 0            ; |all|mycounter480x8:inst14                                                                                ; work         ;
;    |mycounter640x8:inst15|                      ; 16 (16)           ; 7 (7)        ; 0           ; 0            ; 0       ; 0         ; 0    ; 0            ; |all|mycounter640x8:inst15                                                                                ; work         ;
+-------------------------------------------------+-------------------+--------------+-------------+--------------+---------+-----------+------+--------------+-----------------------------------------------------------------------------------------------------------+--------------+
Note: For table entries with two numbers listed, the numbers in parentheses indicate the number of resources of the given type used by the specific entity alone. The numbers listed outside of parentheses indicate the total resources of the given type used by the specific entity and all of its sub-entities in the hierarchy.


+---------------------------------------------------------------------------------------------------------------------------------------------------------------------------------------------------------------+
; Analysis & Synthesis RAM Summary                                                                                                                                                                              ;
+-----------------------------------------------------------------------------------------------------------------+------+------+--------------+--------------+--------------+--------------+------+------------+
; Name                                                                                                            ; Type ; Mode ; Port A Depth ; Port A Width ; Port B Depth ; Port B Width ; Size ; MIF        ;
+-----------------------------------------------------------------------------------------------------------------+------+------+--------------+--------------+--------------+--------------+------+------------+
; Char_ROM:inst12|lpm_rom:char_gen_rom|altrom:srom|altsyncram:rom_block|altsyncram_6401:auto_generated|ALTSYNCRAM ; AUTO ; ROM  ; 512          ; 8            ; --           ; --           ; 4096 ; tcgrom.mif ;
+-----------------------------------------------------------------------------------------------------------------+------+------+--------------+--------------+--------------+--------------+------+------------+


+--------------------------------------------------------------------------------------------------------------------------------------------------------------------------+
; Analysis & Synthesis IP Cores Summary                                                                                                                                    ;
+--------+--------------+---------+--------------+--------------+-----------------------------------------------+----------------------------------------------------------+
; Vendor ; IP Core Name ; Version ; Release Date ; License Type ; Entity Instance                               ; IP Include File                                          ;
+--------+--------------+---------+--------------+--------------+-----------------------------------------------+----------------------------------------------------------+
; Altera ; ALTPLL       ; N/A     ; N/A          ; N/A          ; |all|VGA_SYNC:inst17|video_PLL:video_PLL_inst ; C:/Users/adavi/desktop/projects/VHDl_Clock/video_PLL.vhd ;
+--------+--------------+---------+--------------+--------------+-----------------------------------------------+----------------------------------------------------------+


+---------------------------------------------------------------------------------+
; Registers Removed During Synthesis                                              ;
+----------------------------------------+----------------------------------------+
; Register name                          ; Reason for Removal                     ;
+----------------------------------------+----------------------------------------+
; myCounter5:inst|tempQ[0..3]            ; Stuck at GND due to stuck port clear   ;
; myCounter9:inst1|tempQ[0..3]           ; Stuck at GND due to stuck port clear   ;
; myCounter5:inst6|tempQ[0..3]           ; Stuck at GND due to stuck port clear   ;
; myCounter9:inst7|tempQ[0..3]           ; Stuck at GND due to stuck port clear   ;
; mycounter640x8:inst15|tempQ[0..2]      ; Stuck at GND due to stuck port data_in ;
; mycounter480x8:inst14|tempQ[0..2,9]    ; Stuck at GND due to stuck port data_in ;
; VGA_SYNC:inst17|pixel_row[9]           ; Stuck at GND due to stuck port data_in ;
; Total Number of Removed Registers = 24 ;                                        ;
+----------------------------------------+----------------------------------------+


+------------------------------------------------------+
; General Register Statistics                          ;
+----------------------------------------------+-------+
; Statistic                                    ; Value ;
+----------------------------------------------+-------+
; Total registers                              ; 92    ;
; Number of registers using Synchronous Clear  ; 5     ;
; Number of registers using Synchronous Load   ; 0     ;
; Number of registers using Asynchronous Clear ; 0     ;
; Number of registers using Asynchronous Load  ; 0     ;
; Number of registers using Clock Enable       ; 21    ;
; Number of registers using Preset             ; 0     ;
+----------------------------------------------+-------+


+-----------------------------------------------------------------------------------------------------------------------------------------------+
; Multiplexer Restructuring Statistics (Restructuring Performed)                                                                                ;
+--------------------+-----------+---------------+----------------------+------------------------+------------+---------------------------------+
; Multiplexer Inputs ; Bus Width ; Baseline Area ; Area if Restructured ; Saving if Restructured ; Registered ; Example Multiplexer Output      ;
+--------------------+-----------+---------------+----------------------+------------------------+------------+---------------------------------+
; 3:1                ; 10 bits   ; 20 LEs        ; 10 LEs               ; 10 LEs                 ; Yes        ; |all|VGA_SYNC:inst17|v_count[0] ;
+--------------------+-----------+---------------+----------------------+------------------------+------------+---------------------------------+


+-----------------------------------------------------------------------------------------------------------------------------+
; Source assignments for Char_ROM:inst12|LPM_ROM:char_gen_rom|altrom:srom|altsyncram:rom_block|altsyncram_6401:auto_generated ;
+---------------------------------+--------------------+------+---------------------------------------------------------------+
; Assignment                      ; Value              ; From ; To                                                            ;
+---------------------------------+--------------------+------+---------------------------------------------------------------+
; OPTIMIZE_POWER_DURING_SYNTHESIS ; NORMAL_COMPILATION ; -    ; -                                                             ;
+---------------------------------+--------------------+------+---------------------------------------------------------------+


+---------------------------------------------------------------------------------------------------------------+
; Parameter Settings for User Entity Instance: VGA_SYNC:inst17|video_PLL:video_PLL_inst|altpll:altpll_component ;
+-------------------------------+-------------------+-----------------------------------------------------------+
; Parameter Name                ; Value             ; Type                                                      ;
+-------------------------------+-------------------+-----------------------------------------------------------+
; OPERATION_MODE                ; NORMAL            ; Untyped                                                   ;
; PLL_TYPE                      ; FAST              ; Untyped                                                   ;
; LPM_HINT                      ; UNUSED            ; Untyped                                                   ;
; QUALIFY_CONF_DONE             ; OFF               ; Untyped                                                   ;
; COMPENSATE_CLOCK              ; CLK0              ; Untyped                                                   ;
; SCAN_CHAIN                    ; LONG              ; Untyped                                                   ;
; PRIMARY_CLOCK                 ; INCLK0            ; Untyped                                                   ;
; INCLK0_INPUT_FREQUENCY        ; 20000             ; Signed Integer                                            ;
; INCLK1_INPUT_FREQUENCY        ; 0                 ; Untyped                                                   ;
; GATE_LOCK_SIGNAL              ; NO                ; Untyped                                                   ;
; GATE_LOCK_COUNTER             ; 0                 ; Untyped                                                   ;
; LOCK_HIGH                     ; 1                 ; Untyped                                                   ;
; LOCK_LOW                      ; 1                 ; Untyped                                                   ;
; VALID_LOCK_MULTIPLIER         ; 1                 ; Untyped                                                   ;
; INVALID_LOCK_MULTIPLIER       ; 5                 ; Untyped                                                   ;
; SWITCH_OVER_ON_LOSSCLK        ; OFF               ; Untyped                                                   ;
; SWITCH_OVER_ON_GATED_LOCK     ; OFF               ; Untyped                                                   ;
; ENABLE_SWITCH_OVER_COUNTER    ; OFF               ; Untyped                                                   ;
; SKIP_VCO                      ; OFF               ; Untyped                                                   ;
; SWITCH_OVER_COUNTER           ; 0                 ; Untyped                                                   ;
; SWITCH_OVER_TYPE              ; AUTO              ; Untyped                                                   ;
; FEEDBACK_SOURCE               ; EXTCLK0           ; Untyped                                                   ;
; BANDWIDTH                     ; 0                 ; Untyped                                                   ;
; BANDWIDTH_TYPE                ; AUTO              ; Untyped                                                   ;
; SPREAD_FREQUENCY              ; 0                 ; Untyped                                                   ;
; DOWN_SPREAD                   ; 0                 ; Untyped                                                   ;
; SELF_RESET_ON_GATED_LOSS_LOCK ; OFF               ; Untyped                                                   ;
; SELF_RESET_ON_LOSS_LOCK       ; OFF               ; Untyped                                                   ;
; CLK9_MULTIPLY_BY              ; 0                 ; Untyped                                                   ;
; CLK8_MULTIPLY_BY              ; 0                 ; Untyped                                                   ;
; CLK7_MULTIPLY_BY              ; 0                 ; Untyped                                                   ;
; CLK6_MULTIPLY_BY              ; 0                 ; Untyped                                                   ;
; CLK5_MULTIPLY_BY              ; 1                 ; Untyped                                                   ;
; CLK4_MULTIPLY_BY              ; 1                 ; Untyped                                                   ;
; CLK3_MULTIPLY_BY              ; 1                 ; Untyped                                                   ;
; CLK2_MULTIPLY_BY              ; 1                 ; Untyped                                                   ;
; CLK1_MULTIPLY_BY              ; 1                 ; Untyped                                                   ;
; CLK0_MULTIPLY_BY              ; 1                 ; Signed Integer                                            ;
; CLK9_DIVIDE_BY                ; 0                 ; Untyped                                                   ;
; CLK8_DIVIDE_BY                ; 0                 ; Untyped                                                   ;
; CLK7_DIVIDE_BY                ; 0                 ; Untyped                                                   ;
; CLK6_DIVIDE_BY                ; 0                 ; Untyped                                                   ;
; CLK5_DIVIDE_BY                ; 1                 ; Untyped                                                   ;
; CLK4_DIVIDE_BY                ; 1                 ; Untyped                                                   ;
; CLK3_DIVIDE_BY                ; 1                 ; Untyped                                                   ;
; CLK2_DIVIDE_BY                ; 1                 ; Untyped                                                   ;
; CLK1_DIVIDE_BY                ; 1                 ; Untyped                                                   ;
; CLK0_DIVIDE_BY                ; 2                 ; Signed Integer                                            ;
; CLK9_PHASE_SHIFT              ; 0                 ; Untyped                                                   ;
; CLK8_PHASE_SHIFT              ; 0                 ; Untyped                                                   ;
; CLK7_PHASE_SHIFT              ; 0                 ; Untyped                                                   ;
; CLK6_PHASE_SHIFT              ; 0                 ; Untyped                                                   ;
; CLK5_PHASE_SHIFT              ; 0                 ; Untyped                                                   ;
; CLK4_PHASE_SHIFT              ; 0                 ; Untyped                                                   ;
; CLK3_PHASE_SHIFT              ; 0                 ; Untyped                                                   ;
; CLK2_PHASE_SHIFT              ; 0                 ; Untyped                                                   ;
; CLK1_PHASE_SHIFT              ; 0                 ; Untyped                                                   ;
; CLK0_PHASE_SHIFT              ; 0                 ; Untyped                                                   ;
; CLK5_TIME_DELAY               ; 0                 ; Untyped                                                   ;
; CLK4_TIME_DELAY               ; 0                 ; Untyped                                                   ;
; CLK3_TIME_DELAY               ; 0                 ; Untyped                                                   ;
; CLK2_TIME_DELAY               ; 0                 ; Untyped                                                   ;
; CLK1_TIME_DELAY               ; 0                 ; Untyped                                                   ;
; CLK0_TIME_DELAY               ; 0                 ; Untyped                                                   ;
; CLK9_DUTY_CYCLE               ; 50                ; Untyped                                                   ;
; CLK8_DUTY_CYCLE               ; 50                ; Untyped                                                   ;
; CLK7_DUTY_CYCLE               ; 50                ; Untyped                                                   ;
; CLK6_DUTY_CYCLE               ; 50                ; Untyped                                                   ;
; CLK5_DUTY_CYCLE               ; 50                ; Untyped                                                   ;
; CLK4_DUTY_CYCLE               ; 50                ; Untyped                                                   ;
; CLK3_DUTY_CYCLE               ; 50                ; Untyped                                                   ;
; CLK2_DUTY_CYCLE               ; 50                ; Untyped                                                   ;
; CLK1_DUTY_CYCLE               ; 50                ; Untyped                                                   ;
; CLK0_DUTY_CYCLE               ; 50                ; Signed Integer                                            ;
; CLK9_USE_EVEN_COUNTER_MODE    ; OFF               ; Untyped                                                   ;
; CLK8_USE_EVEN_COUNTER_MODE    ; OFF               ; Untyped                                                   ;
; CLK7_USE_EVEN_COUNTER_MODE    ; OFF               ; Untyped                                                   ;
; CLK6_USE_EVEN_COUNTER_MODE    ; OFF               ; Untyped                                                   ;
; CLK5_USE_EVEN_COUNTER_MODE    ; OFF               ; Untyped                                                   ;
; CLK4_USE_EVEN_COUNTER_MODE    ; OFF               ; Untyped                                                   ;
; CLK3_USE_EVEN_COUNTER_MODE    ; OFF               ; Untyped                                                   ;
; CLK2_USE_EVEN_COUNTER_MODE    ; OFF               ; Untyped                                                   ;
; CLK1_USE_EVEN_COUNTER_MODE    ; OFF               ; Untyped                                                   ;
; CLK0_USE_EVEN_COUNTER_MODE    ; OFF               ; Untyped                                                   ;
; CLK9_USE_EVEN_COUNTER_VALUE   ; OFF               ; Untyped                                                   ;
; CLK8_USE_EVEN_COUNTER_VALUE   ; OFF               ; Untyped                                                   ;
; CLK7_USE_EVEN_COUNTER_VALUE   ; OFF               ; Untyped                                                   ;
; CLK6_USE_EVEN_COUNTER_VALUE   ; OFF               ; Untyped                                                   ;
; CLK5_USE_EVEN_COUNTER_VALUE   ; OFF               ; Untyped                                                   ;
; CLK4_USE_EVEN_COUNTER_VALUE   ; OFF               ; Untyped                                                   ;
; CLK3_USE_EVEN_COUNTER_VALUE   ; OFF               ; Untyped                                                   ;
; CLK2_USE_EVEN_COUNTER_VALUE   ; OFF               ; Untyped                                                   ;
; CLK1_USE_EVEN_COUNTER_VALUE   ; OFF               ; Untyped                                                   ;
; CLK0_USE_EVEN_COUNTER_VALUE   ; OFF               ; Untyped                                                   ;
; LOCK_WINDOW_UI                ;  0.05             ; Untyped                                                   ;
; LOCK_WINDOW_UI_BITS           ; UNUSED            ; Untyped                                                   ;
; VCO_RANGE_DETECTOR_LOW_BITS   ; UNUSED            ; Untyped                                                   ;
; VCO_RANGE_DETECTOR_HIGH_BITS  ; UNUSED            ; Untyped                                                   ;
; DPA_MULTIPLY_BY               ; 0                 ; Untyped                                                   ;
; DPA_DIVIDE_BY                 ; 1                 ; Untyped                                                   ;
; DPA_DIVIDER                   ; 0                 ; Untyped                                                   ;
; EXTCLK3_MULTIPLY_BY           ; 1                 ; Untyped                                                   ;
; EXTCLK2_MULTIPLY_BY           ; 1                 ; Untyped                                                   ;
; EXTCLK1_MULTIPLY_BY           ; 1                 ; Untyped                                                   ;
; EXTCLK0_MULTIPLY_BY           ; 1                 ; Untyped                                                   ;
; EXTCLK3_DIVIDE_BY             ; 1                 ; Untyped                                                   ;
; EXTCLK2_DIVIDE_BY             ; 1                 ; Untyped                                                   ;
; EXTCLK1_DIVIDE_BY             ; 1                 ; Untyped                                                   ;
; EXTCLK0_DIVIDE_BY             ; 1                 ; Untyped                                                   ;
; EXTCLK3_PHASE_SHIFT           ; 0                 ; Untyped                                                   ;
; EXTCLK2_PHASE_SHIFT           ; 0                 ; Untyped                                                   ;
; EXTCLK1_PHASE_SHIFT           ; 0                 ; Untyped                                                   ;
; EXTCLK0_PHASE_SHIFT           ; 0                 ; Untyped                                                   ;
; EXTCLK3_TIME_DELAY            ; 0                 ; Untyped                                                   ;
; EXTCLK2_TIME_DELAY            ; 0                 ; Untyped                                                   ;
; EXTCLK1_TIME_DELAY            ; 0                 ; Untyped                                                   ;
; EXTCLK0_TIME_DELAY            ; 0                 ; Untyped                                                   ;
; EXTCLK3_DUTY_CYCLE            ; 50                ; Untyped                                                   ;
; EXTCLK2_DUTY_CYCLE            ; 50                ; Untyped                                                   ;
; EXTCLK1_DUTY_CYCLE            ; 50                ; Untyped                                                   ;
; EXTCLK0_DUTY_CYCLE            ; 50                ; Untyped                                                   ;
; VCO_MULTIPLY_BY               ; 0                 ; Untyped                                                   ;
; VCO_DIVIDE_BY                 ; 0                 ; Untyped                                                   ;
; SCLKOUT0_PHASE_SHIFT          ; 0                 ; Untyped                                                   ;
; SCLKOUT1_PHASE_SHIFT          ; 0                 ; Untyped                                                   ;
; VCO_MIN                       ; 0                 ; Untyped                                                   ;
; VCO_MAX                       ; 0                 ; Untyped                                                   ;
; VCO_CENTER                    ; 0                 ; Untyped                                                   ;
; PFD_MIN                       ; 0                 ; Untyped                                                   ;
; PFD_MAX                       ; 0                 ; Untyped                                                   ;
; M_INITIAL                     ; 0                 ; Untyped                                                   ;
; M                             ; 0                 ; Untyped                                                   ;
; N                             ; 1                 ; Untyped                                                   ;
; M2                            ; 1                 ; Untyped                                                   ;
; N2                            ; 1                 ; Untyped                                                   ;
; SS                            ; 1                 ; Untyped                                                   ;
; C0_HIGH                       ; 0                 ; Untyped                                                   ;
; C1_HIGH                       ; 0                 ; Untyped                                                   ;
; C2_HIGH                       ; 0                 ; Untyped                                                   ;
; C3_HIGH                       ; 0                 ; Untyped                                                   ;
; C4_HIGH                       ; 0                 ; Untyped                                                   ;
; C5_HIGH                       ; 0                 ; Untyped                                                   ;
; C6_HIGH                       ; 0                 ; Untyped                                                   ;
; C7_HIGH                       ; 0                 ; Untyped                                                   ;
; C8_HIGH                       ; 0                 ; Untyped                                                   ;
; C9_HIGH                       ; 0                 ; Untyped                                                   ;
; C0_LOW                        ; 0                 ; Untyped                                                   ;
; C1_LOW                        ; 0                 ; Untyped                                                   ;
; C2_LOW                        ; 0                 ; Untyped                                                   ;
; C3_LOW                        ; 0                 ; Untyped                                                   ;
; C4_LOW                        ; 0                 ; Untyped                                                   ;
; C5_LOW                        ; 0                 ; Untyped                                                   ;
; C6_LOW                        ; 0                 ; Untyped                                                   ;
; C7_LOW                        ; 0                 ; Untyped                                                   ;
; C8_LOW                        ; 0                 ; Untyped                                                   ;
; C9_LOW                        ; 0                 ; Untyped                                                   ;
; C0_INITIAL                    ; 0                 ; Untyped                                                   ;
; C1_INITIAL                    ; 0                 ; Untyped                                                   ;
; C2_INITIAL                    ; 0                 ; Untyped                                                   ;
; C3_INITIAL                    ; 0                 ; Untyped                                                   ;
; C4_INITIAL                    ; 0                 ; Untyped                                                   ;
; C5_INITIAL                    ; 0                 ; Untyped                                                   ;
; C6_INITIAL                    ; 0                 ; Untyped                                                   ;
; C7_INITIAL                    ; 0                 ; Untyped                                                   ;
; C8_INITIAL                    ; 0                 ; Untyped                                                   ;
; C9_INITIAL                    ; 0                 ; Untyped                                                   ;
; C0_MODE                       ; BYPASS            ; Untyped                                                   ;
; C1_MODE                       ; BYPASS            ; Untyped                                                   ;
; C2_MODE                       ; BYPASS            ; Untyped                                                   ;
; C3_MODE                       ; BYPASS            ; Untyped                                                   ;
; C4_MODE                       ; BYPASS            ; Untyped                                                   ;
; C5_MODE                       ; BYPASS            ; Untyped                                                   ;
; C6_MODE                       ; BYPASS            ; Untyped                                                   ;
; C7_MODE                       ; BYPASS            ; Untyped                                                   ;
; C8_MODE                       ; BYPASS            ; Untyped                                                   ;
; C9_MODE                       ; BYPASS            ; Untyped                                                   ;
; C0_PH                         ; 0                 ; Untyped                                                   ;
; C1_PH                         ; 0                 ; Untyped                                                   ;
; C2_PH                         ; 0                 ; Untyped                                                   ;
; C3_PH                         ; 0                 ; Untyped                                                   ;
; C4_PH                         ; 0                 ; Untyped                                                   ;
; C5_PH                         ; 0                 ; Untyped                                                   ;
; C6_PH                         ; 0                 ; Untyped                                                   ;
; C7_PH                         ; 0                 ; Untyped                                                   ;
; C8_PH                         ; 0                 ; Untyped                                                   ;
; C9_PH                         ; 0                 ; Untyped                                                   ;
; L0_HIGH                       ; 1                 ; Untyped                                                   ;
; L1_HIGH                       ; 1                 ; Untyped                                                   ;
; G0_HIGH                       ; 1                 ; Untyped                                                   ;
; G1_HIGH                       ; 1                 ; Untyped                                                   ;
; G2_HIGH                       ; 1                 ; Untyped                                                   ;
; G3_HIGH                       ; 1                 ; Untyped                                                   ;
; E0_HIGH                       ; 1                 ; Untyped                                                   ;
; E1_HIGH                       ; 1                 ; Untyped                                                   ;
; E2_HIGH                       ; 1                 ; Untyped                                                   ;
; E3_HIGH                       ; 1                 ; Untyped                                                   ;
; L0_LOW                        ; 1                 ; Untyped                                                   ;
; L1_LOW                        ; 1                 ; Untyped                                                   ;
; G0_LOW                        ; 1                 ; Untyped                                                   ;
; G1_LOW                        ; 1                 ; Untyped                                                   ;
; G2_LOW                        ; 1                 ; Untyped                                                   ;
; G3_LOW                        ; 1                 ; Untyped                                                   ;
; E0_LOW                        ; 1                 ; Untyped                                                   ;
; E1_LOW                        ; 1                 ; Untyped                                                   ;
; E2_LOW                        ; 1                 ; Untyped                                                   ;
; E3_LOW                        ; 1                 ; Untyped                                                   ;
; L0_INITIAL                    ; 1                 ; Untyped                                                   ;
; L1_INITIAL                    ; 1                 ; Untyped                                                   ;
; G0_INITIAL                    ; 1                 ; Untyped                                                   ;
; G1_INITIAL                    ; 1                 ; Untyped                                                   ;
; G2_INITIAL                    ; 1                 ; Untyped                                                   ;
; G3_INITIAL                    ; 1                 ; Untyped                                                   ;
; E0_INITIAL                    ; 1                 ; Untyped                                                   ;
; E1_INITIAL                    ; 1                 ; Untyped                                                   ;
; E2_INITIAL                    ; 1                 ; Untyped                                                   ;
; E3_INITIAL                    ; 1                 ; Untyped                                                   ;
; L0_MODE                       ; BYPASS            ; Untyped                                                   ;
; L1_MODE                       ; BYPASS            ; Untyped                                                   ;
; G0_MODE                       ; BYPASS            ; Untyped                                                   ;
; G1_MODE                       ; BYPASS            ; Untyped                                                   ;
; G2_MODE                       ; BYPASS            ; Untyped                                                   ;
; G3_MODE                       ; BYPASS            ; Untyped                                                   ;
; E0_MODE                       ; BYPASS            ; Untyped                                                   ;
; E1_MODE                       ; BYPASS            ; Untyped                                                   ;
; E2_MODE                       ; BYPASS            ; Untyped                                                   ;
; E3_MODE                       ; BYPASS            ; Untyped                                                   ;
; L0_PH                         ; 0                 ; Untyped                                                   ;
; L1_PH                         ; 0                 ; Untyped                                                   ;
; G0_PH                         ; 0                 ; Untyped                                                   ;
; G1_PH                         ; 0                 ; Untyped                                                   ;
; G2_PH                         ; 0                 ; Untyped                                                   ;
; G3_PH                         ; 0                 ; Untyped                                                   ;
; E0_PH                         ; 0                 ; Untyped                                                   ;
; E1_PH                         ; 0                 ; Untyped                                                   ;
; E2_PH                         ; 0                 ; Untyped                                                   ;
; E3_PH                         ; 0                 ; Untyped                                                   ;
; M_PH                          ; 0                 ; Untyped                                                   ;
; C1_USE_CASC_IN                ; OFF               ; Untyped                                                   ;
; C2_USE_CASC_IN                ; OFF               ; Untyped                                                   ;
; C3_USE_CASC_IN                ; OFF               ; Untyped                                                   ;
; C4_USE_CASC_IN                ; OFF               ; Untyped                                                   ;
; C5_USE_CASC_IN                ; OFF               ; Untyped                                                   ;
; C6_USE_CASC_IN                ; OFF               ; Untyped                                                   ;
; C7_USE_CASC_IN                ; OFF               ; Untyped                                                   ;
; C8_USE_CASC_IN                ; OFF               ; Untyped                                                   ;
; C9_USE_CASC_IN                ; OFF               ; Untyped                                                   ;
; CLK0_COUNTER                  ; G0                ; Untyped                                                   ;
; CLK1_COUNTER                  ; G0                ; Untyped                                                   ;
; CLK2_COUNTER                  ; G0                ; Untyped                                                   ;
; CLK3_COUNTER                  ; G0                ; Untyped                                                   ;
; CLK4_COUNTER                  ; G0                ; Untyped                                                   ;
; CLK5_COUNTER                  ; G0                ; Untyped                                                   ;
; CLK6_COUNTER                  ; E0                ; Untyped                                                   ;
; CLK7_COUNTER                  ; E1                ; Untyped                                                   ;
; CLK8_COUNTER                  ; E2                ; Untyped                                                   ;
; CLK9_COUNTER                  ; E3                ; Untyped                                                   ;
; L0_TIME_DELAY                 ; 0                 ; Untyped                                                   ;
; L1_TIME_DELAY                 ; 0                 ; Untyped                                                   ;
; G0_TIME_DELAY                 ; 0                 ; Untyped                                                   ;
; G1_TIME_DELAY                 ; 0                 ; Untyped                                                   ;
; G2_TIME_DELAY                 ; 0                 ; Untyped                                                   ;
; G3_TIME_DELAY                 ; 0                 ; Untyped                                                   ;
; E0_TIME_DELAY                 ; 0                 ; Untyped                                                   ;
; E1_TIME_DELAY                 ; 0                 ; Untyped                                                   ;
; E2_TIME_DELAY                 ; 0                 ; Untyped                                                   ;
; E3_TIME_DELAY                 ; 0                 ; Untyped                                                   ;
; M_TIME_DELAY                  ; 0                 ; Untyped                                                   ;
; N_TIME_DELAY                  ; 0                 ; Untyped                                                   ;
; EXTCLK3_COUNTER               ; E3                ; Untyped                                                   ;
; EXTCLK2_COUNTER               ; E2                ; Untyped                                                   ;
; EXTCLK1_COUNTER               ; E1                ; Untyped                                                   ;
; EXTCLK0_COUNTER               ; E0                ; Untyped                                                   ;
; ENABLE0_COUNTER               ; L0                ; Untyped                                                   ;
; ENABLE1_COUNTER               ; L0                ; Untyped                                                   ;
; CHARGE_PUMP_CURRENT           ; 2                 ; Untyped                                                   ;
; LOOP_FILTER_R                 ;  1.000000         ; Untyped                                                   ;
; LOOP_FILTER_C                 ; 5                 ; Untyped                                                   ;
; CHARGE_PUMP_CURRENT_BITS      ; 9999              ; Untyped                                                   ;
; LOOP_FILTER_R_BITS            ; 9999              ; Untyped                                                   ;
; LOOP_FILTER_C_BITS            ; 9999              ; Untyped                                                   ;
; VCO_POST_SCALE                ; 0                 ; Untyped                                                   ;
; CLK2_OUTPUT_FREQUENCY         ; 0                 ; Untyped                                                   ;
; CLK1_OUTPUT_FREQUENCY         ; 0                 ; Untyped                                                   ;
; CLK0_OUTPUT_FREQUENCY         ; 0                 ; Untyped                                                   ;
; INTENDED_DEVICE_FAMILY        ; Cyclone II        ; Untyped                                                   ;
; PORT_CLKENA0                  ; PORT_CONNECTIVITY ; Untyped                                                   ;
; PORT_CLKENA1                  ; PORT_CONNECTIVITY ; Untyped                                                   ;
; PORT_CLKENA2                  ; PORT_CONNECTIVITY ; Untyped                                                   ;
; PORT_CLKENA3                  ; PORT_CONNECTIVITY ; Untyped                                                   ;
; PORT_CLKENA4                  ; PORT_CONNECTIVITY ; Untyped                                                   ;
; PORT_CLKENA5                  ; PORT_CONNECTIVITY ; Untyped                                                   ;
; PORT_EXTCLKENA0               ; PORT_CONNECTIVITY ; Untyped                                                   ;
; PORT_EXTCLKENA1               ; PORT_CONNECTIVITY ; Untyped                                                   ;
; PORT_EXTCLKENA2               ; PORT_CONNECTIVITY ; Untyped                                                   ;
; PORT_EXTCLKENA3               ; PORT_CONNECTIVITY ; Untyped                                                   ;
; PORT_EXTCLK0                  ; PORT_CONNECTIVITY ; Untyped                                                   ;
; PORT_EXTCLK1                  ; PORT_CONNECTIVITY ; Untyped                                                   ;
; PORT_EXTCLK2                  ; PORT_CONNECTIVITY ; Untyped                                                   ;
; PORT_EXTCLK3                  ; PORT_CONNECTIVITY ; Untyped                                                   ;
; PORT_CLKBAD0                  ; PORT_CONNECTIVITY ; Untyped                                                   ;
; PORT_CLKBAD1                  ; PORT_CONNECTIVITY ; Untyped                                                   ;
; PORT_CLK0                     ; PORT_CONNECTIVITY ; Untyped                                                   ;
; PORT_CLK1                     ; PORT_CONNECTIVITY ; Untyped                                                   ;
; PORT_CLK2                     ; PORT_CONNECTIVITY ; Untyped                                                   ;
; PORT_CLK3                     ; PORT_CONNECTIVITY ; Untyped                                                   ;
; PORT_CLK4                     ; PORT_CONNECTIVITY ; Untyped                                                   ;
; PORT_CLK5                     ; PORT_CONNECTIVITY ; Untyped                                                   ;
; PORT_CLK6                     ; PORT_UNUSED       ; Untyped                                                   ;
; PORT_CLK7                     ; PORT_UNUSED       ; Untyped                                                   ;
; PORT_CLK8                     ; PORT_UNUSED       ; Untyped                                                   ;
; PORT_CLK9                     ; PORT_UNUSED       ; Untyped                                                   ;
; PORT_SCANDATA                 ; PORT_CONNECTIVITY ; Untyped                                                   ;
; PORT_SCANDATAOUT              ; PORT_CONNECTIVITY ; Untyped                                                   ;
; PORT_SCANDONE                 ; PORT_CONNECTIVITY ; Untyped                                                   ;
; PORT_SCLKOUT1                 ; PORT_CONNECTIVITY ; Untyped                                                   ;
; PORT_SCLKOUT0                 ; PORT_CONNECTIVITY ; Untyped                                                   ;
; PORT_ACTIVECLOCK              ; PORT_CONNECTIVITY ; Untyped                                                   ;
; PORT_CLKLOSS                  ; PORT_CONNECTIVITY ; Untyped                                                   ;
; PORT_INCLK1                   ; PORT_CONNECTIVITY ; Untyped                                                   ;
; PORT_INCLK0                   ; PORT_CONNECTIVITY ; Untyped                                                   ;
; PORT_FBIN                     ; PORT_CONNECTIVITY ; Untyped                                                   ;
; PORT_PLLENA                   ; PORT_CONNECTIVITY ; Untyped                                                   ;
; PORT_CLKSWITCH                ; PORT_CONNECTIVITY ; Untyped                                                   ;
; PORT_ARESET                   ; PORT_CONNECTIVITY ; Untyped                                                   ;
; PORT_PFDENA                   ; PORT_CONNECTIVITY ; Untyped                                                   ;
; PORT_SCANCLK                  ; PORT_CONNECTIVITY ; Untyped                                                   ;
; PORT_SCANACLR                 ; PORT_CONNECTIVITY ; Untyped                                                   ;
; PORT_SCANREAD                 ; PORT_CONNECTIVITY ; Untyped                                                   ;
; PORT_SCANWRITE                ; PORT_CONNECTIVITY ; Untyped                                                   ;
; PORT_ENABLE0                  ; PORT_CONNECTIVITY ; Untyped                                                   ;
; PORT_ENABLE1                  ; PORT_CONNECTIVITY ; Untyped                                                   ;
; PORT_LOCKED                   ; PORT_CONNECTIVITY ; Untyped                                                   ;
; PORT_CONFIGUPDATE             ; PORT_CONNECTIVITY ; Untyped                                                   ;
; PORT_FBOUT                    ; PORT_CONNECTIVITY ; Untyped                                                   ;
; PORT_PHASEDONE                ; PORT_CONNECTIVITY ; Untyped                                                   ;
; PORT_PHASESTEP                ; PORT_CONNECTIVITY ; Untyped                                                   ;
; PORT_PHASEUPDOWN              ; PORT_CONNECTIVITY ; Untyped                                                   ;
; PORT_SCANCLKENA               ; PORT_CONNECTIVITY ; Untyped                                                   ;
; PORT_PHASECOUNTERSELECT       ; PORT_CONNECTIVITY ; Untyped                                                   ;
; PORT_VCOOVERRANGE             ; PORT_CONNECTIVITY ; Untyped                                                   ;
; PORT_VCOUNDERRANGE            ; PORT_CONNECTIVITY ; Untyped                                                   ;
; M_TEST_SOURCE                 ; 5                 ; Untyped                                                   ;
; C0_TEST_SOURCE                ; 5                 ; Untyped                                                   ;
; C1_TEST_SOURCE                ; 5                 ; Untyped                                                   ;
; C2_TEST_SOURCE                ; 5                 ; Untyped                                                   ;
; C3_TEST_SOURCE                ; 5                 ; Untyped                                                   ;
; C4_TEST_SOURCE                ; 5                 ; Untyped                                                   ;
; C5_TEST_SOURCE                ; 5                 ; Untyped                                                   ;
; C6_TEST_SOURCE                ; 5                 ; Untyped                                                   ;
; C7_TEST_SOURCE                ; 5                 ; Untyped                                                   ;
; C8_TEST_SOURCE                ; 5                 ; Untyped                                                   ;
; C9_TEST_SOURCE                ; 5                 ; Untyped                                                   ;
; CBXI_PARAMETER                ; NOTHING           ; Untyped                                                   ;
; VCO_FREQUENCY_CONTROL         ; AUTO              ; Untyped                                                   ;
; VCO_PHASE_SHIFT_STEP          ; 0                 ; Untyped                                                   ;
; WIDTH_CLOCK                   ; 6                 ; Untyped                                                   ;
; WIDTH_PHASECOUNTERSELECT      ; 4                 ; Untyped                                                   ;
; USING_FBMIMICBIDIR_PORT       ; OFF               ; Untyped                                                   ;
; DEVICE_FAMILY                 ; Cyclone II        ; Untyped                                                   ;
; SCAN_CHAIN_MIF_FILE           ; UNUSED            ; Untyped                                                   ;
; SIM_GATE_LOCK_DEVICE_BEHAVIOR ; OFF               ; Untyped                                                   ;
; AUTO_CARRY_CHAINS             ; ON                ; AUTO_CARRY                                                ;
; IGNORE_CARRY_BUFFERS          ; OFF               ; IGNORE_CARRY                                              ;
; AUTO_CASCADE_CHAINS           ; ON                ; AUTO_CASCADE                                              ;
; IGNORE_CASCADE_BUFFERS        ; OFF               ; IGNORE_CASCADE                                            ;
+-------------------------------+-------------------+-----------------------------------------------------------+
Note: In order to hide this table in the UI and the text report file, please set the "Show Parameter Settings in Synthesis Report" option in "Analysis and Synthesis Settings -> More Settings" to "Off".


+-----------------------------------------------------------------------------------+
; Parameter Settings for User Entity Instance: Char_ROM:inst12|LPM_ROM:char_gen_rom ;
+------------------------+--------------+-------------------------------------------+
; Parameter Name         ; Value        ; Type                                      ;
+------------------------+--------------+-------------------------------------------+
; LPM_WIDTH              ; 8            ; Signed Integer                            ;
; LPM_WIDTHAD            ; 9            ; Signed Integer                            ;
; LPM_NUMWORDS           ; 512          ; Signed Integer                            ;
; LPM_ADDRESS_CONTROL    ; REGISTERED   ; Untyped                                   ;
; LPM_OUTDATA            ; UNREGISTERED ; Untyped                                   ;
; LPM_FILE               ; tcgrom.mif   ; Untyped                                   ;
; DEVICE_FAMILY          ; Cyclone II   ; Untyped                                   ;
; AUTO_CARRY_CHAINS      ; ON           ; AUTO_CARRY                                ;
; IGNORE_CARRY_BUFFERS   ; OFF          ; IGNORE_CARRY                              ;
; AUTO_CASCADE_CHAINS    ; ON           ; AUTO_CASCADE                              ;
; IGNORE_CASCADE_BUFFERS ; OFF          ; IGNORE_CASCADE                            ;
+------------------------+--------------+-------------------------------------------+
Note: In order to hide this table in the UI and the text report file, please set the "Show Parameter Settings in Synthesis Report" option in "Analysis and Synthesis Settings -> More Settings" to "Off".


+--------------------------------------------------------------------------------------------------+
; altpll Parameter Settings by Entity Instance                                                     ;
+-------------------------------+------------------------------------------------------------------+
; Name                          ; Value                                                            ;
+-------------------------------+------------------------------------------------------------------+
; Number of entity instances    ; 1                                                                ;
; Entity Instance               ; VGA_SYNC:inst17|video_PLL:video_PLL_inst|altpll:altpll_component ;
;     -- OPERATION_MODE         ; NORMAL                                                           ;
;     -- PLL_TYPE               ; FAST                                                             ;
;     -- PRIMARY_CLOCK          ; INCLK0                                                           ;
;     -- INCLK0_INPUT_FREQUENCY ; 20000                                                            ;
;     -- INCLK1_INPUT_FREQUENCY ; 0                                                                ;
;     -- VCO_MULTIPLY_BY        ; 0                                                                ;
;     -- VCO_DIVIDE_BY          ; 0                                                                ;
+-------------------------------+------------------------------------------------------------------+


+-------------------------------+
; Elapsed Time Per Partition    ;
+----------------+--------------+
; Partition Name ; Elapsed Time ;
+----------------+--------------+
; Top            ; 00:00:01     ;
+----------------+--------------+


+-------------------------------+
; Analysis & Synthesis Messages ;
+-------------------------------+
Info: *******************************************************************
Info: Running Quartus II 64-Bit Analysis & Synthesis
    Info: Version 13.0.1 Build 232 06/12/2013 Service Pack 1 SJ Web Edition
    Info: Processing started: Fri Feb 17 19:44:27 2023
Info: Command: quartus_map --read_settings_files=on --write_settings_files=off clock -c clock
Warning (20028): Parallel compilation is not licensed and has been disabled
Info (12021): Found 2 design units, including 1 entities, in source file video_pll.vhd
    Info (12022): Found design unit 1: video_pll-SYN
    Info (12023): Found entity 1: video_PLL
Info (12021): Found 2 design units, including 1 entities, in source file vga_sync.vhd
    Info (12022): Found design unit 1: VGA_SYNC-a
    Info (12023): Found entity 1: VGA_SYNC
Info (12021): Found 2 design units, including 1 entities, in source file vhdl/vga_controller.vhd
    Info (12022): Found design unit 1: VGA_Controller-arch_VGA_Controller
    Info (12023): Found entity 1: VGA_Controller
Info (12021): Found 2 design units, including 1 entities, in source file common_vhdl_files/char graphic/char_rom.vhd
    Info (12022): Found design unit 1: Char_ROM-a
    Info (12023): Found entity 1: Char_ROM
Info (12021): Found 2 design units, including 1 entities, in source file common_vhdl_files/clk_div.vhd
    Info (12022): Found design unit 1: clk_div-beh
    Info (12023): Found entity 1: clk_div
Info (12021): Found 2 design units, including 1 entities, in source file vhdl/mycounter9.vhd
    Info (12022): Found design unit 1: myCounter9-arc_counter
    Info (12023): Found entity 1: myCounter9
Info (12021): Found 2 design units, including 1 entities, in source file vhdl/mycounter5.vhd
    Info (12022): Found design unit 1: myCounter5-arc_counter
    Info (12023): Found entity 1: myCounter5
Info (12021): Found 2 design units, including 1 entities, in source file vhdl/mycounter640x8.vhd
    Info (12022): Found design unit 1: mycounter640x8-arch_counter7
    Info (12023): Found entity 1: mycounter640x8
Info (12021): Found 1 design units, including 1 entities, in source file all.bdf
    Info (12023): Found entity 1: all
Info (12021): Found 2 design units, including 1 entities, in source file vhdl/mycounter480x8.vhd
    Info (12022): Found design unit 1: mycounter480x8-arch_counter7
    Info (12023): Found entity 1: mycounter480x8
Info (12127): Elaborating entity "all" for the top level hierarchy
Warning (275009): Pin "SW" not connected
Info (12128): Elaborating entity "VGA_SYNC" for hierarchy "VGA_SYNC:inst17"
Info (12128): Elaborating entity "video_PLL" for hierarchy "VGA_SYNC:inst17|video_PLL:video_PLL_inst"
Info (12128): Elaborating entity "altpll" for hierarchy "VGA_SYNC:inst17|video_PLL:video_PLL_inst|altpll:altpll_component"
Info (12130): Elaborated megafunction instantiation "VGA_SYNC:inst17|video_PLL:video_PLL_inst|altpll:altpll_component"
Info (12133): Instantiated megafunction "VGA_SYNC:inst17|video_PLL:video_PLL_inst|altpll:altpll_component" with the following parameter:
    Info (12134): Parameter "clk0_duty_cycle" = "50"
    Info (12134): Parameter "lpm_type" = "altpll"
    Info (12134): Parameter "clk0_multiply_by" = "1"
    Info (12134): Parameter "inclk0_input_frequency" = "20000"
    Info (12134): Parameter "clk0_divide_by" = "2"
    Info (12134): Parameter "pll_type" = "FAST"
    Info (12134): Parameter "intended_device_family" = "Cyclone II"
    Info (12134): Parameter "operation_mode" = "NORMAL"
    Info (12134): Parameter "compensate_clock" = "CLK0"
    Info (12134): Parameter "clk0_phase_shift" = "0"
Info (12128): Elaborating entity "Char_ROM" for hierarchy "Char_ROM:inst12"
Info (12128): Elaborating entity "LPM_ROM" for hierarchy "Char_ROM:inst12|LPM_ROM:char_gen_rom"
Info (12130): Elaborated megafunction instantiation "Char_ROM:inst12|LPM_ROM:char_gen_rom"
Info (12133): Instantiated megafunction "Char_ROM:inst12|LPM_ROM:char_gen_rom" with the following parameter:
    Info (12134): Parameter "LPM_WIDTH" = "8"
    Info (12134): Parameter "LPM_WIDTHAD" = "9"
    Info (12134): Parameter "LPM_NUMWORDS" = "512"
    Info (12134): Parameter "LPM_ADDRESS_CONTROL" = "REGISTERED"
    Info (12134): Parameter "LPM_OUTDATA" = "UNREGISTERED"
    Info (12134): Parameter "LPM_FILE" = "tcgrom.mif"
    Info (12134): Parameter "LPM_TYPE" = "LPM_ROM"
    Info (12134): Parameter "INTENDED_DEVICE_FAMILY" = "UNUSED"
    Info (12134): Parameter "LPM_HINT" = "UNUSED"
Info (12128): Elaborating entity "altrom" for hierarchy "Char_ROM:inst12|LPM_ROM:char_gen_rom|altrom:srom"
Info (12131): Elaborated megafunction instantiation "Char_ROM:inst12|LPM_ROM:char_gen_rom|altrom:srom", which is child of megafunction instantiation "Char_ROM:inst12|LPM_ROM:char_gen_rom"
Info (12128): Elaborating entity "altsyncram" for hierarchy "Char_ROM:inst12|LPM_ROM:char_gen_rom|altrom:srom|altsyncram:rom_block"
Info (12131): Elaborated megafunction instantiation "Char_ROM:inst12|LPM_ROM:char_gen_rom|altrom:srom|altsyncram:rom_block", which is child of megafunction instantiation "Char_ROM:inst12|LPM_ROM:char_gen_rom"
Info (12021): Found 1 design units, including 1 entities, in source file db/altsyncram_6401.tdf
    Info (12023): Found entity 1: altsyncram_6401
Info (12128): Elaborating entity "altsyncram_6401" for hierarchy "Char_ROM:inst12|LPM_ROM:char_gen_rom|altrom:srom|altsyncram:rom_block|altsyncram_6401:auto_generated"
Info (12128): Elaborating entity "VGA_Controller" for hierarchy "VGA_Controller:inst16"
Info (12128): Elaborating entity "myCounter9" for hierarchy "myCounter9:inst7"
Warning (10542): VHDL Variable Declaration warning at myCounter9.vhd(14): used initial value expression for variable "countTo" because variable was never assigned a value
Warning (10492): VHDL Process Statement warning at myCounter9.vhd(20): signal "CE" is read inside the Process Statement but isn't in the Process Statement's sensitivity list
Warning (10631): VHDL Process Statement warning at myCounter9.vhd(13): inferring latch(es) for signal or variable "Cout", which holds its previous value in one or more paths through the process
Info (10041): Inferred latch for "Cout" at myCounter9.vhd(13)
Info (12128): Elaborating entity "clk_div" for hierarchy "clk_div:inst2"
Info (12128): Elaborating entity "myCounter5" for hierarchy "myCounter5:inst6"
Warning (10542): VHDL Variable Declaration warning at myCounter5.vhd(14): used initial value expression for variable "countTo" because variable was never assigned a value
Warning (10492): VHDL Process Statement warning at myCounter5.vhd(20): signal "CE" is read inside the Process Statement but isn't in the Process Statement's sensitivity list
Warning (10631): VHDL Process Statement warning at myCounter5.vhd(13): inferring latch(es) for signal or variable "Cout", which holds its previous value in one or more paths through the process
Info (10041): Inferred latch for "Cout" at myCounter5.vhd(13)
Info (12128): Elaborating entity "mycounter480x8" for hierarchy "mycounter480x8:inst14"
Warning (10492): VHDL Process Statement warning at mycounter480x8.vhd(20): signal "CE" is read inside the Process Statement but isn't in the Process Statement's sensitivity list
Info (12128): Elaborating entity "mycounter640x8" for hierarchy "mycounter640x8:inst15"
Warning (10492): VHDL Process Statement warning at mycounter640x8.vhd(20): signal "CE" is read inside the Process Statement but isn't in the Process Statement's sensitivity list
Warning (13046): Tri-state node(s) do not directly drive top-level pin(s)
    Warning (13049): Converted tri-state buffer "Char_ROM:inst12|lpm_rom:char_gen_rom|otri[7]" feeding internal logic into a wire
    Warning (13049): Converted tri-state buffer "Char_ROM:inst12|lpm_rom:char_gen_rom|otri[6]" feeding internal logic into a wire
    Warning (13049): Converted tri-state buffer "Char_ROM:inst12|lpm_rom:char_gen_rom|otri[5]" feeding internal logic into a wire
    Warning (13049): Converted tri-state buffer "Char_ROM:inst12|lpm_rom:char_gen_rom|otri[4]" feeding internal logic into a wire
    Warning (13049): Converted tri-state buffer "Char_ROM:inst12|lpm_rom:char_gen_rom|otri[3]" feeding internal logic into a wire
    Warning (13049): Converted tri-state buffer "Char_ROM:inst12|lpm_rom:char_gen_rom|otri[2]" feeding internal logic into a wire
    Warning (13049): Converted tri-state buffer "Char_ROM:inst12|lpm_rom:char_gen_rom|otri[1]" feeding internal logic into a wire
    Warning (13049): Converted tri-state buffer "Char_ROM:inst12|lpm_rom:char_gen_rom|otri[0]" feeding internal logic into a wire
Info (17036): Removed 1 MSB VCC or GND address nodes from RAM block "Char_ROM:inst12|lpm_rom:char_gen_rom|altrom:srom|altsyncram:rom_block|altsyncram_6401:auto_generated|ALTSYNCRAM"
Info (16010): Generating hard_block partition "hard_block:auto_generated_inst"
    Info (16011): Adding 1 node(s), including 0 DDIO, 1 PLL, 0 transceiver and 0 LCELL
Warning (21074): Design contains 2 input pin(s) that do not drive logic
    Warning (15610): No output dependent on input pin "SW[1]"
    Warning (15610): No output dependent on input pin "SW[0]"
Info (21057): Implemented 258 device resources after synthesis - the final resource count might be different
    Info (21058): Implemented 3 input pins
    Info (21059): Implemented 7 output pins
    Info (21061): Implemented 239 logic cells
    Info (21064): Implemented 8 RAM segments
    Info (21065): Implemented 1 PLLs
Info: Quartus II 64-Bit Analysis & Synthesis was successful. 0 errors, 22 warnings
    Info: Peak virtual memory: 4658 megabytes
    Info: Processing ended: Fri Feb 17 19:44:36 2023
    Info: Elapsed time: 00:00:09
    Info: Total CPU time (on all processors): 00:00:05


